2017-08-31 09:37:11 [scrapy.utils.log] INFO: Scrapy 1.4.0 started (bot: sport_bot)
2017-08-31 09:37:11 [scrapy.utils.log] INFO: Overridden settings: {'BOT_NAME': 'sport_bot', 'LOG_FILE': 'WorldCup2018.log', 'NEWSPIDER_MODULE': 'sport_bot.spiders', 'ROBOTSTXT_OBEY': True, 'SPIDER_MODULES': ['sport_bot.spiders']}
2017-08-31 09:37:11 [scrapy.middleware] INFO: Enabled extensions:
['scrapy.extensions.corestats.CoreStats',
 'scrapy.extensions.telnet.TelnetConsole',
 'scrapy.extensions.memusage.MemoryUsage',
 'scrapy.extensions.logstats.LogStats']
2017-08-31 09:37:11 [scrapy.middleware] INFO: Enabled downloader middlewares:
['scrapy.downloadermiddlewares.robotstxt.RobotsTxtMiddleware',
 'scrapy.downloadermiddlewares.httpauth.HttpAuthMiddleware',
 'scrapy.downloadermiddlewares.downloadtimeout.DownloadTimeoutMiddleware',
 'scrapy.downloadermiddlewares.defaultheaders.DefaultHeadersMiddleware',
 'scrapy.downloadermiddlewares.useragent.UserAgentMiddleware',
 'scrapy.downloadermiddlewares.retry.RetryMiddleware',
 'scrapy.downloadermiddlewares.redirect.MetaRefreshMiddleware',
 'scrapy.downloadermiddlewares.httpcompression.HttpCompressionMiddleware',
 'scrapy.downloadermiddlewares.redirect.RedirectMiddleware',
 'scrapy.downloadermiddlewares.cookies.CookiesMiddleware',
 'scrapy.downloadermiddlewares.httpproxy.HttpProxyMiddleware',
 'scrapy.downloadermiddlewares.stats.DownloaderStats']
2017-08-31 09:37:12 [scrapy.middleware] INFO: Enabled spider middlewares:
['scrapy.spidermiddlewares.httperror.HttpErrorMiddleware',
 'scrapy.spidermiddlewares.offsite.OffsiteMiddleware',
 'scrapy.spidermiddlewares.referer.RefererMiddleware',
 'scrapy.spidermiddlewares.urllength.UrlLengthMiddleware',
 'scrapy.spidermiddlewares.depth.DepthMiddleware']
2017-08-31 09:37:12 [scrapy.middleware] INFO: Enabled item pipelines:
[]
2017-08-31 09:37:12 [scrapy.core.engine] INFO: Spider opened
2017-08-31 09:37:12 [scrapy.extensions.logstats] INFO: Crawled 0 pages (at 0 pages/min), scraped 0 items (at 0 items/min)
2017-08-31 09:37:12 [scrapy.extensions.telnet] DEBUG: Telnet console listening on 127.0.0.1:6024
2017-08-31 09:37:12 [scrapy.core.engine] DEBUG: Crawled (200) <GET http://sports.williamhill.com/robots.txt> (referer: None)
2017-08-31 09:37:12 [scrapy.core.engine] DEBUG: Crawled (200) <GET http://www.paddypower.com/robots.txt> (referer: None)
2017-08-31 09:37:13 [scrapy.core.engine] DEBUG: Crawled (200) <GET http://sports.williamhill.com/bet/en-gb/betting/e/1644903/World+Cup+2018+-+Outright.html> (referer: None)
2017-08-31 09:37:15 [scrapy.core.engine] DEBUG: Crawled (200) <GET http://www.paddypower.com/football/international-football/world-cup-2018?ev_oc_grp_ids=1828129> (referer: None)
2017-08-31 09:37:15 [scrapy.core.engine] INFO: Closing spider (finished)
2017-08-31 09:37:15 [scrapy.statscollectors] INFO: Dumping Scrapy stats:
{'downloader/request_bytes': 1145,
 'downloader/request_count': 4,
 'downloader/request_method_count/GET': 4,
 'downloader/response_bytes': 115156,
 'downloader/response_count': 4,
 'downloader/response_status_count/200': 4,
 'finish_reason': 'finished',
 'finish_time': datetime.datetime(2017, 8, 31, 6, 37, 15, 332984),
 'log_count/DEBUG': 5,
 'log_count/INFO': 7,
 'memusage/max': 1041334272,
 'memusage/startup': 1041334272,
 'response_received_count': 4,
 'scheduler/dequeued': 2,
 'scheduler/dequeued/memory': 2,
 'scheduler/enqueued': 2,
 'scheduler/enqueued/memory': 2,
 'start_time': datetime.datetime(2017, 8, 31, 6, 37, 12, 233109)}
2017-08-31 09:37:15 [scrapy.core.engine] INFO: Spider closed (finished)
2017-08-31 09:41:03 [scrapy.utils.log] INFO: Scrapy 1.4.0 started (bot: sport_bot)
2017-08-31 09:41:03 [scrapy.utils.log] INFO: Overridden settings: {'BOT_NAME': 'sport_bot', 'LOG_FILE': 'WorldCup2018.log', 'NEWSPIDER_MODULE': 'sport_bot.spiders', 'ROBOTSTXT_OBEY': True, 'SPIDER_MODULES': ['sport_bot.spiders']}
2017-08-31 09:41:03 [scrapy.middleware] INFO: Enabled extensions:
['scrapy.extensions.corestats.CoreStats',
 'scrapy.extensions.telnet.TelnetConsole',
 'scrapy.extensions.memusage.MemoryUsage',
 'scrapy.extensions.logstats.LogStats']
2017-08-31 09:41:03 [scrapy.middleware] INFO: Enabled downloader middlewares:
['scrapy.downloadermiddlewares.robotstxt.RobotsTxtMiddleware',
 'scrapy.downloadermiddlewares.httpauth.HttpAuthMiddleware',
 'scrapy.downloadermiddlewares.downloadtimeout.DownloadTimeoutMiddleware',
 'scrapy.downloadermiddlewares.defaultheaders.DefaultHeadersMiddleware',
 'scrapy.downloadermiddlewares.useragent.UserAgentMiddleware',
 'scrapy.downloadermiddlewares.retry.RetryMiddleware',
 'scrapy.downloadermiddlewares.redirect.MetaRefreshMiddleware',
 'scrapy.downloadermiddlewares.httpcompression.HttpCompressionMiddleware',
 'scrapy.downloadermiddlewares.redirect.RedirectMiddleware',
 'scrapy.downloadermiddlewares.cookies.CookiesMiddleware',
 'scrapy.downloadermiddlewares.httpproxy.HttpProxyMiddleware',
 'scrapy.downloadermiddlewares.stats.DownloaderStats']
2017-08-31 09:41:03 [scrapy.middleware] INFO: Enabled spider middlewares:
['scrapy.spidermiddlewares.httperror.HttpErrorMiddleware',
 'scrapy.spidermiddlewares.offsite.OffsiteMiddleware',
 'scrapy.spidermiddlewares.referer.RefererMiddleware',
 'scrapy.spidermiddlewares.urllength.UrlLengthMiddleware',
 'scrapy.spidermiddlewares.depth.DepthMiddleware']
2017-08-31 09:41:03 [scrapy.middleware] INFO: Enabled item pipelines:
[]
2017-08-31 09:41:03 [scrapy.core.engine] INFO: Spider opened
2017-08-31 09:41:03 [scrapy.extensions.logstats] INFO: Crawled 0 pages (at 0 pages/min), scraped 0 items (at 0 items/min)
2017-08-31 09:41:03 [scrapy.extensions.telnet] DEBUG: Telnet console listening on 127.0.0.1:6024
2017-08-31 09:41:03 [scrapy.core.engine] DEBUG: Crawled (200) <GET http://sports.williamhill.com/robots.txt> (referer: None)
2017-08-31 09:41:03 [scrapy.core.engine] DEBUG: Crawled (200) <GET http://www.paddypower.com/robots.txt> (referer: None)
2017-08-31 09:41:07 [scrapy.core.engine] DEBUG: Crawled (200) <GET http://sports.williamhill.com/bet/en-gb/betting/e/1644903/World+Cup+2018+-+Outright.html> (referer: None)
2017-08-31 09:41:07 [scrapy.core.engine] DEBUG: Crawled (200) <GET http://www.paddypower.com/football/international-football/world-cup-2018?ev_oc_grp_ids=1828129> (referer: None)
2017-08-31 09:41:07 [scrapy.core.engine] INFO: Closing spider (finished)
2017-08-31 09:41:07 [scrapy.statscollectors] INFO: Dumping Scrapy stats:
{'downloader/request_bytes': 1145,
 'downloader/request_count': 4,
 'downloader/request_method_count/GET': 4,
 'downloader/response_bytes': 115291,
 'downloader/response_count': 4,
 'downloader/response_status_count/200': 4,
 'finish_reason': 'finished',
 'finish_time': datetime.datetime(2017, 8, 31, 6, 41, 7, 951165),
 'log_count/DEBUG': 5,
 'log_count/INFO': 7,
 'memusage/max': 1041334272,
 'memusage/startup': 1041334272,
 'response_received_count': 4,
 'scheduler/dequeued': 2,
 'scheduler/dequeued/memory': 2,
 'scheduler/enqueued': 2,
 'scheduler/enqueued/memory': 2,
 'start_time': datetime.datetime(2017, 8, 31, 6, 41, 3, 589581)}
2017-08-31 09:41:07 [scrapy.core.engine] INFO: Spider closed (finished)
